<?xml version="1.0" encoding="UTF-8"?>
<!-- Generated by org.testng.reporters.JUnitReportReporter -->
<testsuite hostname="Rajat-t" name="com.test.FP.verifyloginFunctionality" tests="1" failures="0" timestamp="2 Jan 2017 09:46:13 GMT" time="10.797" errors="0">
  <testcase name="testFP3" time="10.797" classname="com.test.FP.verifyloginFunctionality"/>
</testsuite> <!-- com.test.FP.verifyloginFunctionality -->
