<?xml version="1.0" encoding="UTF-8"?>
<!-- Generated by org.testng.reporters.JUnitReportReporter -->
<testsuite hostname="Rajat-t" name="com.test.FP.verifybasicFunctionality" tests="2" failures="0" timestamp="30 Dec 2016 12:19:47 GMT" time="20.682" errors="0">
  <testcase name="testFP2" time="9.971" classname="com.test.FP.verifybasicFunctionality"/>
  <testcase name="testFP" time="10.711" classname="com.test.FP.verifybasicFunctionality"/>
</testsuite> <!-- com.test.FP.verifybasicFunctionality -->
