<?xml version="1.0" encoding="UTF-8"?>
<!-- Generated by org.testng.reporters.JUnitReportReporter -->
<testsuite hostname="Rajat-t" name="com.test.FP.verifyloginFunctionality" tests="1" failures="0" timestamp="30 Dec 2016 12:19:47 GMT" time="10.736" errors="0">
  <testcase name="testFP3" time="10.736" classname="com.test.FP.verifyloginFunctionality"/>
</testsuite> <!-- com.test.FP.verifyloginFunctionality -->
