<?xml version="1.0" encoding="UTF-8"?>
<!-- Generated by org.testng.reporters.JUnitReportReporter -->
<testsuite hostname="Rajat-t" name="com.test.FP.TestRun" tests="2" failures="0" timestamp="30 Dec 2016 09:57:19 GMT" time="21.022" errors="0">
  <testcase name="testFP" time="11.745" classname="com.test.FP.TestRun"/>
  <testcase name="testFP2" time="9.277" classname="com.test.FP.TestRun"/>
</testsuite> <!-- com.test.FP.TestRun -->
