<?xml version="1.0" encoding="UTF-8"?>
<!-- Generated by org.testng.reporters.JUnitReportReporter -->
<testsuite hostname="Rajat-t" name="sampleTest.TestRun" tests="2" failures="0" timestamp="29 Dec 2016 07:54:38 GMT" time="20.520" errors="0">
  <testcase name="testFP" time="11.292" classname="sampleTest.TestRun"/>
  <testcase name="testFP2" time="9.228" classname="sampleTest.TestRun"/>
</testsuite> <!-- sampleTest.TestRun -->
