<?xml version="1.0" encoding="UTF-8"?>
<!-- Generated by org.testng.reporters.JUnitReportReporter -->
<testsuite hostname="Rajat-t" name="com.test.FP.TestRun" tests="2" failures="0" timestamp="29 Dec 2016 11:59:59 GMT" time="29.368" errors="0">
  <testcase name="testFP" time="19.605" classname="com.test.FP.TestRun"/>
  <testcase name="testFP2" time="9.763" classname="com.test.FP.TestRun"/>
</testsuite> <!-- com.test.FP.TestRun -->
