<?xml version="1.0" encoding="UTF-8"?>
<!-- Generated by org.testng.reporters.JUnitReportReporter -->
<testsuite hostname="Rajat-t" name="com.test.FP.verifybasicFunctionality" tests="2" failures="0" timestamp="2 Jan 2017 09:46:13 GMT" time="21.417" errors="0">
  <testcase name="testFP" time="12.426" classname="com.test.FP.verifybasicFunctionality"/>
  <testcase name="testFP2" time="8.991" classname="com.test.FP.verifybasicFunctionality"/>
</testsuite> <!-- com.test.FP.verifybasicFunctionality -->
